2023-09-12 21:02:43.818  INFO 10416 --- [restartedMain] c.e.demo.MyProductServiceApplication     : Starting MyProductServiceApplication using Java 11.0.19 on Lenovo-PC with PID 10416 (C:\CA_JAVA_2019\my-product-service\target\classes started by Durga in C:\CA_JAVA_2019\my-product-service)
2023-09-12 21:02:43.832  INFO 10416 --- [restartedMain] c.e.demo.MyProductServiceApplication     : No active profile set, falling back to 1 default profile: "default"
2023-09-12 21:02:43.972  INFO 10416 --- [restartedMain] .e.DevToolsPropertyDefaultsPostProcessor : Devtools property defaults active! Set 'spring.devtools.add-properties' to 'false' to disable
2023-09-12 21:02:43.973  INFO 10416 --- [restartedMain] .e.DevToolsPropertyDefaultsPostProcessor : For additional web related logging consider setting the 'logging.level.web' property to 'DEBUG'
2023-09-12 21:02:46.309  INFO 10416 --- [restartedMain] .s.d.r.c.RepositoryConfigurationDelegate : Bootstrapping Spring Data JPA repositories in DEFAULT mode.
2023-09-12 21:02:46.746  INFO 10416 --- [restartedMain] .s.d.r.c.RepositoryConfigurationDelegate : Finished Spring Data repository scanning in 410 ms. Found 1 JPA repository interfaces.
2023-09-12 21:02:47.383  INFO 10416 --- [restartedMain] o.s.cloud.context.scope.GenericScope     : BeanFactory id=77e26bca-fa1c-3ff3-9190-f364758d5364
2023-09-12 21:02:48.645  INFO 10416 --- [restartedMain] o.s.b.w.embedded.tomcat.TomcatWebServer  : Tomcat initialized with port(s): 8081 (http)
2023-09-12 21:02:48.668  INFO 10416 --- [restartedMain] o.apache.catalina.core.StandardService   : Starting service [Tomcat]
2023-09-12 21:02:48.668  INFO 10416 --- [restartedMain] org.apache.catalina.core.StandardEngine  : Starting Servlet engine: [Apache Tomcat/9.0.79]
2023-09-12 21:02:48.929  INFO 10416 --- [restartedMain] o.a.c.c.C.[Tomcat].[localhost].[/]       : Initializing Spring embedded WebApplicationContext
2023-09-12 21:02:48.930  INFO 10416 --- [restartedMain] w.s.c.ServletWebServerApplicationContext : Root WebApplicationContext: initialization completed in 4955 ms
2023-09-12 21:02:49.573  INFO 10416 --- [restartedMain] o.hibernate.jpa.internal.util.LogHelper  : HHH000204: Processing PersistenceUnitInfo [name: default]
2023-09-12 21:02:49.680  INFO 10416 --- [restartedMain] org.hibernate.Version                    : HHH000412: Hibernate ORM core version 5.6.15.Final
2023-09-12 21:02:50.023  INFO 10416 --- [restartedMain] o.hibernate.annotations.common.Version   : HCANN000001: Hibernate Commons Annotations {5.1.2.Final}
2023-09-12 21:02:50.250  INFO 10416 --- [restartedMain] com.zaxxer.hikari.HikariDataSource       : HikariPool-1 - Starting...
2023-09-12 21:02:50.943  INFO 10416 --- [restartedMain] com.zaxxer.hikari.HikariDataSource       : HikariPool-1 - Start completed.
2023-09-12 21:02:51.012  INFO 10416 --- [restartedMain] org.hibernate.dialect.Dialect            : HHH000400: Using dialect: org.hibernate.dialect.MySQL57Dialect
2023-09-12 21:02:52.686  INFO 10416 --- [restartedMain] o.h.e.t.j.p.i.JtaPlatformInitiator       : HHH000490: Using JtaPlatform implementation: [org.hibernate.engine.transaction.jta.platform.internal.NoJtaPlatform]
2023-09-12 21:02:52.706  INFO 10416 --- [restartedMain] j.LocalContainerEntityManagerFactoryBean : Initialized JPA EntityManagerFactory for persistence unit 'default'
2023-09-12 21:02:53.349  WARN 10416 --- [restartedMain] JpaBaseConfiguration$JpaWebConfiguration : spring.jpa.open-in-view is enabled by default. Therefore, database queries may be performed during view rendering. Explicitly configure spring.jpa.open-in-view to disable this warning
2023-09-12 21:02:56.263  INFO 10416 --- [restartedMain] o.s.cloud.commons.util.InetUtils         : Cannot determine local hostname
2023-09-12 21:02:57.298  WARN 10416 --- [restartedMain] o.s.b.d.a.OptionalLiveReloadServer       : Unable to start LiveReload server
2023-09-12 21:02:59.590  INFO 10416 --- [restartedMain] o.s.cloud.commons.util.InetUtils         : Cannot determine local hostname
2023-09-12 21:02:59.619  INFO 10416 --- [restartedMain] DiscoveryClientOptionalArgsConfiguration : Eureka HTTP Client uses RestTemplate.
2023-09-12 21:02:59.846  INFO 10416 --- [restartedMain] o.s.b.a.e.web.EndpointLinksResolver      : Exposing 17 endpoint(s) beneath base path '/actuator'
2023-09-12 21:03:00.005  INFO 10416 --- [restartedMain] o.s.c.n.eureka.InstanceInfoFactory       : Setting initial instance status as: STARTING
2023-09-12 21:03:00.110  INFO 10416 --- [restartedMain] com.netflix.discovery.DiscoveryClient    : Initializing Eureka in region us-east-1
2023-09-12 21:03:00.120  INFO 10416 --- [restartedMain] c.n.d.s.r.aws.ConfigClusterResolver      : Resolving eureka endpoints via configuration
2023-09-12 21:03:00.175  INFO 10416 --- [restartedMain] com.netflix.discovery.DiscoveryClient    : Disable delta property : false
2023-09-12 21:03:00.175  INFO 10416 --- [restartedMain] com.netflix.discovery.DiscoveryClient    : Single vip registry refresh property : null
2023-09-12 21:03:00.175  INFO 10416 --- [restartedMain] com.netflix.discovery.DiscoveryClient    : Force full registry fetch : false
2023-09-12 21:03:00.176  INFO 10416 --- [restartedMain] com.netflix.discovery.DiscoveryClient    : Application is null : false
2023-09-12 21:03:00.176  INFO 10416 --- [restartedMain] com.netflix.discovery.DiscoveryClient    : Registered Applications size is zero : true
2023-09-12 21:03:00.176  INFO 10416 --- [restartedMain] com.netflix.discovery.DiscoveryClient    : Application version is -1: true
2023-09-12 21:03:00.176  INFO 10416 --- [restartedMain] com.netflix.discovery.DiscoveryClient    : Getting all instance registry info from the eureka server
2023-09-12 21:03:00.784  INFO 10416 --- [restartedMain] com.netflix.discovery.DiscoveryClient    : The response status is 200
2023-09-12 21:03:00.810  INFO 10416 --- [restartedMain] com.netflix.discovery.DiscoveryClient    : Starting heartbeat executor: renew interval is: 30
2023-09-12 21:03:00.820  INFO 10416 --- [restartedMain] c.n.discovery.InstanceInfoReplicator     : InstanceInfoReplicator onDemand update allowed rate per min is 4
2023-09-12 21:03:00.844  INFO 10416 --- [restartedMain] com.netflix.discovery.DiscoveryClient    : Discovery Client initialized at timestamp 1694532780841 with initial instances count: 0
2023-09-12 21:03:00.850  INFO 10416 --- [restartedMain] o.s.c.n.e.s.EurekaServiceRegistry        : Registering application PRODUCTR-SERVICE with eureka with status UP
2023-09-12 21:03:00.852  INFO 10416 --- [restartedMain] com.netflix.discovery.DiscoveryClient    : Saw local status change event StatusChangeEvent [timestamp=1694532780852, current=UP, previous=STARTING]
2023-09-12 21:03:00.860  INFO 10416 --- [DiscoveryClient-InstanceInfoReplicator-0] com.netflix.discovery.DiscoveryClient    : DiscoveryClient_PRODUCTR-SERVICE/localhost:productr-service:8081: registering service...
2023-09-12 21:03:00.930  INFO 10416 --- [restartedMain] o.s.b.w.embedded.tomcat.TomcatWebServer  : Tomcat started on port(s): 8081 (http) with context path ''
2023-09-12 21:03:00.933  INFO 10416 --- [restartedMain] .s.c.n.e.s.EurekaAutoServiceRegistration : Updating port to 8081
2023-09-12 21:03:01.286  INFO 10416 --- [DiscoveryClient-InstanceInfoReplicator-0] com.netflix.discovery.DiscoveryClient    : DiscoveryClient_PRODUCTR-SERVICE/localhost:productr-service:8081 - registration status: 204
2023-09-12 21:03:04.042  INFO 10416 --- [restartedMain] o.s.cloud.commons.util.InetUtils         : Cannot determine local hostname
2023-09-12 21:03:04.119  INFO 10416 --- [restartedMain] c.e.demo.MyProductServiceApplication     : Started MyProductServiceApplication in 23.878 seconds (JVM running for 26.427)
2023-09-12 21:03:04.767  INFO 10416 --- [RMI TCP Connection(6)-127.0.0.1] o.a.c.c.C.[Tomcat].[localhost].[/]       : Initializing Spring DispatcherServlet 'dispatcherServlet'
2023-09-12 21:03:04.768  INFO 10416 --- [RMI TCP Connection(6)-127.0.0.1] o.s.web.servlet.DispatcherServlet        : Initializing Servlet 'dispatcherServlet'
2023-09-12 21:03:04.771  INFO 10416 --- [RMI TCP Connection(6)-127.0.0.1] o.s.web.servlet.DispatcherServlet        : Completed initialization in 3 ms
2023-09-12 21:03:30.826  INFO 10416 --- [DiscoveryClient-CacheRefreshExecutor-0] com.netflix.discovery.DiscoveryClient    : Disable delta property : false
2023-09-12 21:03:30.827  INFO 10416 --- [DiscoveryClient-CacheRefreshExecutor-0] com.netflix.discovery.DiscoveryClient    : Single vip registry refresh property : null
2023-09-12 21:03:30.828  INFO 10416 --- [DiscoveryClient-CacheRefreshExecutor-0] com.netflix.discovery.DiscoveryClient    : Force full registry fetch : false
2023-09-12 21:03:30.829  INFO 10416 --- [DiscoveryClient-CacheRefreshExecutor-0] com.netflix.discovery.DiscoveryClient    : Application is null : false
2023-09-12 21:03:30.830  INFO 10416 --- [DiscoveryClient-CacheRefreshExecutor-0] com.netflix.discovery.DiscoveryClient    : Registered Applications size is zero : true
2023-09-12 21:03:30.831  INFO 10416 --- [DiscoveryClient-CacheRefreshExecutor-0] com.netflix.discovery.DiscoveryClient    : Application version is -1: false
2023-09-12 21:03:30.832  INFO 10416 --- [DiscoveryClient-CacheRefreshExecutor-0] com.netflix.discovery.DiscoveryClient    : Getting all instance registry info from the eureka server
2023-09-12 21:03:30.889  INFO 10416 --- [DiscoveryClient-CacheRefreshExecutor-0] com.netflix.discovery.DiscoveryClient    : The response status is 200
2023-09-12 21:03:31.416  INFO 10416 --- [registrationTask1] d.c.b.a.c.r.ApplicationRegistrator       : Application registered itself as b3124305957a
2023-09-12 21:08:00.189  INFO 10416 --- [AsyncResolver-bootstrap-executor-0] c.n.d.s.r.aws.ConfigClusterResolver      : Resolving eureka endpoints via configuration
2023-09-12 21:13:00.198  INFO 10416 --- [AsyncResolver-bootstrap-executor-0] c.n.d.s.r.aws.ConfigClusterResolver      : Resolving eureka endpoints via configuration
2023-09-12 21:16:58.586  WARN 10416 --- [http-nio-8081-exec-1] .w.s.m.s.DefaultHandlerExceptionResolver : Resolved [org.springframework.web.HttpRequestMethodNotSupportedException: Request method 'POST' not supported]
2023-09-12 21:18:00.214  INFO 10416 --- [AsyncResolver-bootstrap-executor-0] c.n.d.s.r.aws.ConfigClusterResolver      : Resolving eureka endpoints via configuration
2023-09-12 21:18:15.213  INFO 10416 --- [File Watcher] rtingClassPathChangeChangedEventListener : Restarting due to 1 class path change (0 additions, 0 deletions, 1 modification)
2023-09-12 21:18:15.221  INFO 10416 --- [Thread-1] o.s.c.n.e.s.EurekaServiceRegistry        : Unregistering application PRODUCTR-SERVICE with eureka with status DOWN
2023-09-12 21:18:15.222  INFO 10416 --- [Thread-1] com.netflix.discovery.DiscoveryClient    : Saw local status change event StatusChangeEvent [timestamp=1694533695222, current=DOWN, previous=UP]
2023-09-12 21:18:15.222  INFO 10416 --- [DiscoveryClient-InstanceInfoReplicator-0] com.netflix.discovery.DiscoveryClient    : DiscoveryClient_PRODUCTR-SERVICE/localhost:productr-service:8081: registering service...
2023-09-12 21:18:15.279  INFO 10416 --- [DiscoveryClient-InstanceInfoReplicator-0] com.netflix.discovery.DiscoveryClient    : DiscoveryClient_PRODUCTR-SERVICE/localhost:productr-service:8081 - registration status: 204
2023-09-12 21:18:20.520  INFO 10416 --- [Thread-1] o.apache.catalina.core.StandardService   : Stopping service [Tomcat]
2023-09-12 21:18:20.524  INFO 10416 --- [Thread-1] o.a.c.c.C.[Tomcat].[localhost].[/]       : Destroying Spring FrameworkServlet 'dispatcherServlet'
2023-09-12 21:18:20.558  INFO 10416 --- [Thread-1] j.LocalContainerEntityManagerFactoryBean : Closing JPA EntityManagerFactory for persistence unit 'default'
2023-09-12 21:18:20.574  INFO 10416 --- [Thread-1] com.zaxxer.hikari.HikariDataSource       : HikariPool-1 - Shutdown initiated...
2023-09-12 21:18:20.598  INFO 10416 --- [Thread-1] com.zaxxer.hikari.HikariDataSource       : HikariPool-1 - Shutdown completed.
2023-09-12 21:18:20.601  INFO 10416 --- [Thread-1] com.netflix.discovery.DiscoveryClient    : Shutting down DiscoveryClient ...
2023-09-12 21:18:23.651  INFO 10416 --- [Thread-1] com.netflix.discovery.DiscoveryClient    : Unregistering ...
2023-09-12 21:18:23.692  INFO 10416 --- [Thread-1] com.netflix.discovery.DiscoveryClient    : DiscoveryClient_PRODUCTR-SERVICE/localhost:productr-service:8081 - deregister  status: 200
2023-09-12 21:18:23.707  INFO 10416 --- [Thread-1] com.netflix.discovery.DiscoveryClient    : Completed shut down of DiscoveryClient
2023-09-12 21:18:29.785  INFO 10416 --- [restartedMain] c.e.demo.MyProductServiceApplication     : Starting MyProductServiceApplication using Java 11.0.19 on Lenovo-PC with PID 10416 (C:\CA_JAVA_2019\my-product-service\target\classes started by Durga in C:\CA_JAVA_2019\my-product-service)
2023-09-12 21:18:29.785  INFO 10416 --- [restartedMain] c.e.demo.MyProductServiceApplication     : No active profile set, falling back to 1 default profile: "default"
2023-09-12 21:18:31.153  INFO 10416 --- [restartedMain] .s.d.r.c.RepositoryConfigurationDelegate : Bootstrapping Spring Data JPA repositories in DEFAULT mode.
2023-09-12 21:18:31.181  INFO 10416 --- [restartedMain] .s.d.r.c.RepositoryConfigurationDelegate : Finished Spring Data repository scanning in 27 ms. Found 1 JPA repository interfaces.
2023-09-12 21:18:31.501  INFO 10416 --- [restartedMain] o.s.cloud.context.scope.GenericScope     : BeanFactory id=77e26bca-fa1c-3ff3-9190-f364758d5364
2023-09-12 21:18:31.780  INFO 10416 --- [restartedMain] o.s.b.w.embedded.tomcat.TomcatWebServer  : Tomcat initialized with port(s): 8081 (http)
2023-09-12 21:18:31.782  INFO 10416 --- [restartedMain] o.apache.catalina.core.StandardService   : Starting service [Tomcat]
2023-09-12 21:18:31.783  INFO 10416 --- [restartedMain] org.apache.catalina.core.StandardEngine  : Starting Servlet engine: [Apache Tomcat/9.0.79]
2023-09-12 21:18:31.890  INFO 10416 --- [restartedMain] o.a.c.c.C.[Tomcat].[localhost].[/]       : Initializing Spring embedded WebApplicationContext
2023-09-12 21:18:31.891  INFO 10416 --- [restartedMain] w.s.c.ServletWebServerApplicationContext : Root WebApplicationContext: initialization completed in 2096 ms
2023-09-12 21:18:32.135  INFO 10416 --- [restartedMain] o.hibernate.jpa.internal.util.LogHelper  : HHH000204: Processing PersistenceUnitInfo [name: default]
2023-09-12 21:18:32.157  INFO 10416 --- [restartedMain] com.zaxxer.hikari.HikariDataSource       : HikariPool-2 - Starting...
2023-09-12 21:18:32.194  INFO 10416 --- [restartedMain] com.zaxxer.hikari.HikariDataSource       : HikariPool-2 - Start completed.
2023-09-12 21:18:32.195  INFO 10416 --- [restartedMain] org.hibernate.dialect.Dialect            : HHH000400: Using dialect: org.hibernate.dialect.MySQL57Dialect
2023-09-12 21:18:32.995  INFO 10416 --- [restartedMain] o.h.e.t.j.p.i.JtaPlatformInitiator       : HHH000490: Using JtaPlatform implementation: [org.hibernate.engine.transaction.jta.platform.internal.NoJtaPlatform]
2023-09-12 21:18:32.996  INFO 10416 --- [restartedMain] j.LocalContainerEntityManagerFactoryBean : Initialized JPA EntityManagerFactory for persistence unit 'default'
2023-09-12 21:18:33.281  WARN 10416 --- [restartedMain] ConfigServletWebServerApplicationContext : Exception encountered during context initialization - cancelling refresh attempt: org.springframework.beans.factory.UnsatisfiedDependencyException: Error creating bean with name 'productRestController': Unsatisfied dependency expressed through field 'restTemplate'; nested exception is org.springframework.beans.factory.NoSuchBeanDefinitionException: No qualifying bean of type 'org.springframework.web.client.RestTemplate' available: expected at least 1 bean which qualifies as autowire candidate. Dependency annotations: {@org.springframework.beans.factory.annotation.Autowired(required=true)}
2023-09-12 21:18:33.282  INFO 10416 --- [restartedMain] j.LocalContainerEntityManagerFactoryBean : Closing JPA EntityManagerFactory for persistence unit 'default'
2023-09-12 21:18:33.283  INFO 10416 --- [restartedMain] com.zaxxer.hikari.HikariDataSource       : HikariPool-2 - Shutdown initiated...
2023-09-12 21:18:33.307  INFO 10416 --- [restartedMain] com.zaxxer.hikari.HikariDataSource       : HikariPool-2 - Shutdown completed.
2023-09-12 21:18:33.309  INFO 10416 --- [restartedMain] o.apache.catalina.core.StandardService   : Stopping service [Tomcat]
2023-09-12 21:18:33.357  INFO 10416 --- [restartedMain] ConditionEvaluationReportLoggingListener : 

Error starting ApplicationContext. To display the conditions report re-run your application with 'debug' enabled.
2023-09-12 21:18:33.464 ERROR 10416 --- [restartedMain] o.s.b.d.LoggingFailureAnalysisReporter   : 

***************************
APPLICATION FAILED TO START
***************************

Description:

Field restTemplate in com.example.demo.controllers.ProductRestController required a bean of type 'org.springframework.web.client.RestTemplate' that could not be found.

The injection point has the following annotations:
	- @org.springframework.beans.factory.annotation.Autowired(required=true)


Action:

Consider defining a bean of type 'org.springframework.web.client.RestTemplate' in your configuration.

2023-09-12 21:19:33.345  INFO 10416 --- [restartedMain] c.e.demo.MyProductServiceApplication     : Starting MyProductServiceApplication using Java 11.0.19 on Lenovo-PC with PID 10416 (C:\CA_JAVA_2019\my-product-service\target\classes started by Durga in C:\CA_JAVA_2019\my-product-service)
2023-09-12 21:19:33.346  INFO 10416 --- [restartedMain] c.e.demo.MyProductServiceApplication     : No active profile set, falling back to 1 default profile: "default"
2023-09-12 21:19:38.381  INFO 10416 --- [restartedMain] .s.d.r.c.RepositoryConfigurationDelegate : Bootstrapping Spring Data JPA repositories in DEFAULT mode.
2023-09-12 21:19:38.404  INFO 10416 --- [restartedMain] .s.d.r.c.RepositoryConfigurationDelegate : Finished Spring Data repository scanning in 22 ms. Found 1 JPA repository interfaces.
2023-09-12 21:19:38.686  INFO 10416 --- [restartedMain] o.s.cloud.context.scope.GenericScope     : BeanFactory id=77e26bca-fa1c-3ff3-9190-f364758d5364
2023-09-12 21:19:39.085  INFO 10416 --- [restartedMain] o.s.b.w.embedded.tomcat.TomcatWebServer  : Tomcat initialized with port(s): 8081 (http)
2023-09-12 21:19:39.086  INFO 10416 --- [restartedMain] o.apache.catalina.core.StandardService   : Starting service [Tomcat]
2023-09-12 21:19:39.087  INFO 10416 --- [restartedMain] org.apache.catalina.core.StandardEngine  : Starting Servlet engine: [Apache Tomcat/9.0.79]
2023-09-12 21:19:39.214  INFO 10416 --- [restartedMain] o.a.c.c.C.[Tomcat-1].[localhost].[/]     : Initializing Spring embedded WebApplicationContext
2023-09-12 21:19:39.214  INFO 10416 --- [restartedMain] w.s.c.ServletWebServerApplicationContext : Root WebApplicationContext: initialization completed in 5863 ms
2023-09-12 21:19:39.829  INFO 10416 --- [restartedMain] o.hibernate.jpa.internal.util.LogHelper  : HHH000204: Processing PersistenceUnitInfo [name: default]
2023-09-12 21:19:42.341  INFO 10416 --- [restartedMain] com.zaxxer.hikari.HikariDataSource       : HikariPool-3 - Starting...
2023-09-12 21:19:42.376  INFO 10416 --- [restartedMain] com.zaxxer.hikari.HikariDataSource       : HikariPool-3 - Start completed.
2023-09-12 21:19:42.376  INFO 10416 --- [restartedMain] org.hibernate.dialect.Dialect            : HHH000400: Using dialect: org.hibernate.dialect.MySQL57Dialect
2023-09-12 21:19:43.320  INFO 10416 --- [restartedMain] o.h.e.t.j.p.i.JtaPlatformInitiator       : HHH000490: Using JtaPlatform implementation: [org.hibernate.engine.transaction.jta.platform.internal.NoJtaPlatform]
2023-09-12 21:19:43.321  INFO 10416 --- [restartedMain] j.LocalContainerEntityManagerFactoryBean : Initialized JPA EntityManagerFactory for persistence unit 'default'
2023-09-12 21:19:43.449  WARN 10416 --- [restartedMain] ConfigServletWebServerApplicationContext : Exception encountered during context initialization - cancelling refresh attempt: org.springframework.beans.factory.UnsatisfiedDependencyException: Error creating bean with name 'productRestController': Unsatisfied dependency expressed through field 'restTemplate'; nested exception is org.springframework.beans.factory.NoSuchBeanDefinitionException: No qualifying bean of type 'org.springframework.web.client.RestTemplate' available: expected at least 1 bean which qualifies as autowire candidate. Dependency annotations: {@org.springframework.beans.factory.annotation.Autowired(required=true)}
2023-09-12 21:19:43.450  INFO 10416 --- [restartedMain] j.LocalContainerEntityManagerFactoryBean : Closing JPA EntityManagerFactory for persistence unit 'default'
2023-09-12 21:19:43.451  INFO 10416 --- [restartedMain] com.zaxxer.hikari.HikariDataSource       : HikariPool-3 - Shutdown initiated...
2023-09-12 21:19:43.470  INFO 10416 --- [restartedMain] com.zaxxer.hikari.HikariDataSource       : HikariPool-3 - Shutdown completed.
2023-09-12 21:19:43.472  INFO 10416 --- [restartedMain] o.apache.catalina.core.StandardService   : Stopping service [Tomcat]
2023-09-12 21:19:43.497  INFO 10416 --- [restartedMain] ConditionEvaluationReportLoggingListener : 

Error starting ApplicationContext. To display the conditions report re-run your application with 'debug' enabled.
2023-09-12 21:19:43.511 ERROR 10416 --- [restartedMain] o.s.b.d.LoggingFailureAnalysisReporter   : 

***************************
APPLICATION FAILED TO START
***************************

Description:

Field restTemplate in com.example.demo.controllers.ProductRestController required a bean of type 'org.springframework.web.client.RestTemplate' that could not be found.

The injection point has the following annotations:
	- @org.springframework.beans.factory.annotation.Autowired(required=true)


Action:

Consider defining a bean of type 'org.springframework.web.client.RestTemplate' in your configuration.

2023-09-12 21:20:34.900  INFO 1184 --- [restartedMain] c.e.demo.MyProductServiceApplication     : Starting MyProductServiceApplication using Java 11.0.19 on Lenovo-PC with PID 1184 (C:\CA_JAVA_2019\my-product-service\target\classes started by Durga in C:\CA_JAVA_2019\my-product-service)
2023-09-12 21:20:34.904  INFO 1184 --- [restartedMain] c.e.demo.MyProductServiceApplication     : No active profile set, falling back to 1 default profile: "default"
2023-09-12 21:20:35.062  INFO 1184 --- [restartedMain] .e.DevToolsPropertyDefaultsPostProcessor : Devtools property defaults active! Set 'spring.devtools.add-properties' to 'false' to disable
2023-09-12 21:20:35.063  INFO 1184 --- [restartedMain] .e.DevToolsPropertyDefaultsPostProcessor : For additional web related logging consider setting the 'logging.level.web' property to 'DEBUG'
2023-09-12 21:20:37.235  INFO 1184 --- [restartedMain] .s.d.r.c.RepositoryConfigurationDelegate : Bootstrapping Spring Data JPA repositories in DEFAULT mode.
2023-09-12 21:20:37.724  INFO 1184 --- [restartedMain] .s.d.r.c.RepositoryConfigurationDelegate : Finished Spring Data repository scanning in 470 ms. Found 1 JPA repository interfaces.
2023-09-12 21:20:38.383  INFO 1184 --- [restartedMain] o.s.cloud.context.scope.GenericScope     : BeanFactory id=77e26bca-fa1c-3ff3-9190-f364758d5364
2023-09-12 21:20:39.721  INFO 1184 --- [restartedMain] o.s.b.w.embedded.tomcat.TomcatWebServer  : Tomcat initialized with port(s): 8081 (http)
2023-09-12 21:20:39.739  INFO 1184 --- [restartedMain] o.apache.catalina.core.StandardService   : Starting service [Tomcat]
2023-09-12 21:20:39.740  INFO 1184 --- [restartedMain] org.apache.catalina.core.StandardEngine  : Starting Servlet engine: [Apache Tomcat/9.0.79]
2023-09-12 21:20:39.983  INFO 1184 --- [restartedMain] o.a.c.c.C.[Tomcat].[localhost].[/]       : Initializing Spring embedded WebApplicationContext
2023-09-12 21:20:39.984  INFO 1184 --- [restartedMain] w.s.c.ServletWebServerApplicationContext : Root WebApplicationContext: initialization completed in 4919 ms
2023-09-12 21:20:40.635  INFO 1184 --- [restartedMain] o.hibernate.jpa.internal.util.LogHelper  : HHH000204: Processing PersistenceUnitInfo [name: default]
2023-09-12 21:20:40.748  INFO 1184 --- [restartedMain] org.hibernate.Version                    : HHH000412: Hibernate ORM core version 5.6.15.Final
2023-09-12 21:20:41.136  INFO 1184 --- [restartedMain] o.hibernate.annotations.common.Version   : HCANN000001: Hibernate Commons Annotations {5.1.2.Final}
2023-09-12 21:20:41.441  INFO 1184 --- [restartedMain] com.zaxxer.hikari.HikariDataSource       : HikariPool-1 - Starting...
2023-09-12 21:20:42.108  INFO 1184 --- [restartedMain] com.zaxxer.hikari.HikariDataSource       : HikariPool-1 - Start completed.
2023-09-12 21:20:42.179  INFO 1184 --- [restartedMain] org.hibernate.dialect.Dialect            : HHH000400: Using dialect: org.hibernate.dialect.MySQL57Dialect
2023-09-12 21:20:43.863  INFO 1184 --- [restartedMain] o.h.e.t.j.p.i.JtaPlatformInitiator       : HHH000490: Using JtaPlatform implementation: [org.hibernate.engine.transaction.jta.platform.internal.NoJtaPlatform]
2023-09-12 21:20:43.887  INFO 1184 --- [restartedMain] j.LocalContainerEntityManagerFactoryBean : Initialized JPA EntityManagerFactory for persistence unit 'default'
2023-09-12 21:20:44.426  WARN 1184 --- [restartedMain] ConfigServletWebServerApplicationContext : Exception encountered during context initialization - cancelling refresh attempt: org.springframework.beans.factory.UnsatisfiedDependencyException: Error creating bean with name 'productRestController': Unsatisfied dependency expressed through field 'restTemplate'; nested exception is org.springframework.beans.factory.NoSuchBeanDefinitionException: No qualifying bean of type 'org.springframework.web.client.RestTemplate' available: expected at least 1 bean which qualifies as autowire candidate. Dependency annotations: {@org.springframework.beans.factory.annotation.Autowired(required=true)}
2023-09-12 21:20:44.427  INFO 1184 --- [restartedMain] j.LocalContainerEntityManagerFactoryBean : Closing JPA EntityManagerFactory for persistence unit 'default'
2023-09-12 21:20:44.435  INFO 1184 --- [restartedMain] com.zaxxer.hikari.HikariDataSource       : HikariPool-1 - Shutdown initiated...
2023-09-12 21:20:44.459  INFO 1184 --- [restartedMain] com.zaxxer.hikari.HikariDataSource       : HikariPool-1 - Shutdown completed.
2023-09-12 21:20:44.463  INFO 1184 --- [restartedMain] o.apache.catalina.core.StandardService   : Stopping service [Tomcat]
2023-09-12 21:20:44.515  INFO 1184 --- [restartedMain] ConditionEvaluationReportLoggingListener : 

Error starting ApplicationContext. To display the conditions report re-run your application with 'debug' enabled.
2023-09-12 21:20:44.588 ERROR 1184 --- [restartedMain] o.s.b.d.LoggingFailureAnalysisReporter   : 

***************************
APPLICATION FAILED TO START
***************************

Description:

Field restTemplate in com.example.demo.controllers.ProductRestController required a bean of type 'org.springframework.web.client.RestTemplate' that could not be found.

The injection point has the following annotations:
	- @org.springframework.beans.factory.annotation.Autowired(required=true)


Action:

Consider defining a bean of type 'org.springframework.web.client.RestTemplate' in your configuration.

